<?xml version="1.0" encoding="UTF-8"?>
<testsuite name="com.example.restservice.service.FiveCardDrawServiceTest" tests="1" skipped="0" failures="0" errors="0" timestamp="2022-05-21T00:02:01" hostname="Camerons-MacBook-Pro.local" time="0.052">
  <properties/>
  <testcase name="testEvaluateFiveCardDraw()" classname="com.example.restservice.service.FiveCardDrawServiceTest" time="0.052"/>
  <system-out><![CDATA[19:02:01.413 [Test worker] DEBUG com.example.restservice.service.FiveCardDrawService - Hand before sortRanks [KING_DIAMONDS, QUEEN_DIAMONDS, SEVEN_SPADES, FOUR_SPADES, TWO_HEARTS]
19:02:01.418 [Test worker] DEBUG com.example.restservice.service.FiveCardDrawService - Hand after sortRanks [KING_DIAMONDS, QUEEN_DIAMONDS, SEVEN_SPADES, FOUR_SPADES, TWO_HEARTS]
19:02:01.423 [Test worker] DEBUG com.example.restservice.service.FiveCardDrawService - Hand before sortRanks [TEN_SPADES, TEN_HEARTS, EIGHT_SPADES, SEVEN_HEARTS, FOUR_CLUBS]
19:02:01.424 [Test worker] DEBUG com.example.restservice.service.FiveCardDrawService - Hand after sortRanks [TEN_SPADES, TEN_HEARTS, EIGHT_SPADES, SEVEN_HEARTS, FOUR_CLUBS]
19:02:01.425 [Test worker] DEBUG com.example.restservice.service.FiveCardDrawService - Hand before sortRanks [JACK_HEARTS, JACK_SPADES, THREE_CLUBS, THREE_SPADES, TWO_HEARTS]
19:02:01.425 [Test worker] DEBUG com.example.restservice.service.FiveCardDrawService - Hand after sortRanks [JACK_HEARTS, JACK_SPADES, THREE_CLUBS, THREE_SPADES, TWO_HEARTS]
19:02:01.425 [Test worker] DEBUG com.example.restservice.service.FiveCardDrawService - Hand before sortRanks [QUEEN_CLUBS, QUEEN_SPADES, QUEEN_HEARTS, NINE_HEARTS, TWO_SPADES]
19:02:01.425 [Test worker] DEBUG com.example.restservice.service.FiveCardDrawService - Hand after sortRanks [QUEEN_CLUBS, QUEEN_SPADES, QUEEN_HEARTS, NINE_HEARTS, TWO_SPADES]
19:02:01.425 [Test worker] DEBUG com.example.restservice.service.FiveCardDrawService - Hand before sortRanks [TEN_DIAMONDS, NINE_SPADES, EIGHT_HEARTS, SEVEN_DIAMONDS, SIX_CLUBS]
19:02:01.425 [Test worker] DEBUG com.example.restservice.service.FiveCardDrawService - Hand after sortRanks [TEN_DIAMONDS, NINE_SPADES, EIGHT_HEARTS, SEVEN_DIAMONDS, SIX_CLUBS]
19:02:01.425 [Test worker] DEBUG com.example.restservice.service.FiveCardDrawService - Hand before sortRanks [JACK_DIAMONDS, NINE_DIAMONDS, EIGHT_DIAMONDS, FOUR_DIAMONDS, THREE_DIAMONDS]
19:02:01.425 [Test worker] DEBUG com.example.restservice.service.FiveCardDrawService - Hand after sortRanks [JACK_DIAMONDS, NINE_DIAMONDS, EIGHT_DIAMONDS, FOUR_DIAMONDS, THREE_DIAMONDS]
19:02:01.426 [Test worker] DEBUG com.example.restservice.service.FiveCardDrawService - Hand before sortRanks [JACK_CLUBS, TEN_CLUBS, NINE_CLUBS, EIGHT_CLUBS, SEVEN_CLUBS]
19:02:01.426 [Test worker] DEBUG com.example.restservice.service.FiveCardDrawService - Hand after sortRanks [JACK_CLUBS, TEN_CLUBS, NINE_CLUBS, EIGHT_CLUBS, SEVEN_CLUBS]
19:02:01.426 [Test worker] DEBUG com.example.restservice.service.FiveCardDrawService - Hand before sortRanks [KING_DIAMONDS, QUEEN_DIAMONDS, SEVEN_SPADES, FOUR_SPADES, TWO_HEARTS]
19:02:01.426 [Test worker] DEBUG com.example.restservice.service.FiveCardDrawService - Hand after sortRanks [KING_DIAMONDS, QUEEN_DIAMONDS, SEVEN_SPADES, FOUR_SPADES, TWO_HEARTS]
19:02:01.426 [Test worker] DEBUG com.example.restservice.service.FiveCardDrawService - Hand before sortRanks [TEN_SPADES, TEN_HEARTS, EIGHT_SPADES, SEVEN_HEARTS, FOUR_CLUBS]
19:02:01.426 [Test worker] DEBUG com.example.restservice.service.FiveCardDrawService - Hand after sortRanks [TEN_SPADES, TEN_HEARTS, EIGHT_SPADES, SEVEN_HEARTS, FOUR_CLUBS]
19:02:01.426 [Test worker] DEBUG com.example.restservice.service.FiveCardDrawService - Hand before sortRanks [JACK_HEARTS, JACK_SPADES, THREE_CLUBS, THREE_SPADES, TWO_HEARTS]
19:02:01.426 [Test worker] DEBUG com.example.restservice.service.FiveCardDrawService - Hand after sortRanks [JACK_HEARTS, JACK_SPADES, THREE_CLUBS, THREE_SPADES, TWO_HEARTS]
19:02:01.427 [Test worker] DEBUG com.example.restservice.service.FiveCardDrawService - Hand before sortRanks [QUEEN_CLUBS, QUEEN_SPADES, QUEEN_HEARTS, NINE_HEARTS, TWO_SPADES]
19:02:01.427 [Test worker] DEBUG com.example.restservice.service.FiveCardDrawService - Hand after sortRanks [QUEEN_CLUBS, QUEEN_SPADES, QUEEN_HEARTS, NINE_HEARTS, TWO_SPADES]
19:02:01.427 [Test worker] DEBUG com.example.restservice.service.FiveCardDrawService - Hand before sortRanks [TEN_DIAMONDS, NINE_SPADES, EIGHT_HEARTS, SEVEN_DIAMONDS, SIX_CLUBS]
19:02:01.427 [Test worker] DEBUG com.example.restservice.service.FiveCardDrawService - Hand after sortRanks [TEN_DIAMONDS, NINE_SPADES, EIGHT_HEARTS, SEVEN_DIAMONDS, SIX_CLUBS]
19:02:01.428 [Test worker] DEBUG com.example.restservice.service.FiveCardDrawService - Hand before sortRanks [JACK_DIAMONDS, NINE_DIAMONDS, EIGHT_DIAMONDS, FOUR_DIAMONDS, THREE_DIAMONDS]
19:02:01.428 [Test worker] DEBUG com.example.restservice.service.FiveCardDrawService - Hand after sortRanks [JACK_DIAMONDS, NINE_DIAMONDS, EIGHT_DIAMONDS, FOUR_DIAMONDS, THREE_DIAMONDS]
19:02:01.428 [Test worker] DEBUG com.example.restservice.service.FiveCardDrawService - Hand before sortRanks [JACK_CLUBS, TEN_CLUBS, NINE_CLUBS, EIGHT_CLUBS, SEVEN_CLUBS]
19:02:01.428 [Test worker] DEBUG com.example.restservice.service.FiveCardDrawService - Hand after sortRanks [JACK_CLUBS, TEN_CLUBS, NINE_CLUBS, EIGHT_CLUBS, SEVEN_CLUBS]
19:02:01.428 [Test worker] DEBUG com.example.restservice.service.FiveCardDrawService - Hands sorted by strength = [com.example.restservice.entity.Hand@24959ca4, com.example.restservice.entity.Hand@10289886, com.example.restservice.entity.Hand@5c86dbc5, com.example.restservice.entity.Hand@461ad730, com.example.restservice.entity.Hand@4ee203eb, com.example.restservice.entity.Hand@1a5a4e19, com.example.restservice.entity.Hand@7068e664, com.example.restservice.entity.Hand@60db1c0e, com.example.restservice.entity.Hand@3e78b6a5, com.example.restservice.entity.Hand@769a1df5]
]]></system-out>
  <system-err><![CDATA[]]></system-err>
</testsuite>
